GramaAnganaSimple/app/build/intermediates/manifest_merge_blame_file/debug/manifest-merger-blame-debug-report.txt
1<?xml version="1.0" encoding="utf-8"?>
2<manifest xmlns:android="http://schemas.android.com/apk/res/android"
3    package="com.gramaangana"
4    android:versionCode="1"
5    android:versionName="1.0" >
6
7    <uses-sdk
8        android:minSdkVersion="24"
9        android:targetSdkVersion="34" />
10
11    <uses-permission android:name="android.permission.INTERNET" />
11-->src\main\AndroidManifest.xml:5:5-67
11-->src\main\AndroidManifest.xml:5:22-64
12    <uses-permission android:name="android.permission.ACCESS_NETWORK_STATE" />
12-->src\main\AndroidManifest.xml:6:5-79
12-->src\main\AndroidManifest.xml:6:22-76
13    <uses-permission android:name="android.permission.WAKE_LOCK" />
13-->[com.google.android.gms:play-services-measurement-api:21.5.0] AndroidManifest.xml:24:5-68
13-->[com.google.android.gms:play-services-measurement-api:21.5.0] AndroidManifest.xml:24:22-65
14    <uses-permission android:name="com.google.android.gms.permission.AD_ID" />
14-->[com.google.android.gms:play-services-measurement-api:21.5.0] AndroidManifest.xml:25:5-79
14-->[com.google.android.gms:play-services-measurement-api:21.5.0] AndroidManifest.xml:25:22-76
15    <uses-permission android:name="android.permission.ACCESS_ADSERVICES_ATTRIBUTION" />
15-->[com.google.android.gms:play-services-measurement-api:21.5.0] AndroidManifest.xml:26:5-88
15-->[com.google.android.gms:play-services-measurement-api:21.5.0] AndroidManifest.xml:26:22-85
16    <uses-permission android:name="android.permission.ACCESS_ADSERVICES_AD_ID" />
16-->[com.google.android.gms:play-services-measurement-api:21.5.0] AndroidManifest.xml:27:5-82
16-->[com.google.android.gms:play-services-measurement-api:21.5.0] AndroidManifest.xml:27:22-79
17    <uses-permission android:name="com.google.android.finsky.permission.BIND_GET_INSTALL_REFERRER_SERVICE" />
17-->[com.google.android.gms:play-services-measurement:21.5.0] AndroidManifest.xml:26:5-110
17-->[com.google.android.gms:play-services-measurement:21.5.0] AndroidManifest.xml:26:22-107
18
19    <permission
19-->[androidx.core:core:1.12.0] AndroidManifest.xml:22:5-24:47
20        android:name="com.gramaangana.DYNAMIC_RECEIVER_NOT_EXPORTED_PERMISSION"
20-->[androidx.core:core:1.12.0] AndroidManifest.xml:23:9-81
21        android:protectionLevel="signature" />
21-->[androidx.core:core:1.12.0] AndroidManifest.xml:24:9-44
22
23    <uses-permission android:name="com.gramaangana.DYNAMIC_RECEIVER_NOT_EXPORTED_PERMISSION" />
23-->[androidx.core:core:1.12.0] AndroidManifest.xml:26:5-97
23-->[androidx.core:core:1.12.0] AndroidManifest.xml:26:22-94
24
25    <application
25-->src\main\AndroidManifest.xml:8:5-53:19
26        android:name="com.gramaangana.GramaAnganaApp"
26-->src\main\AndroidManifest.xml:9:9-39
27        android:allowBackup="true"
27-->src\main\AndroidManifest.xml:10:9-35
28        android:appComponentFactory="androidx.core.app.CoreComponentFactory"
28-->[androidx.core:core:1.12.0] AndroidManifest.xml:28:18-86
29        android:debuggable="true"
30        android:extractNativeLibs="false"
31        android:icon="@mipmap/ic_launcher"
31-->src\main\AndroidManifest.xml:11:9-43
32        android:label="@string/app_name"
32-->src\main\AndroidManifest.xml:12:9-41
33        android:roundIcon="@mipmap/ic_launcher_round"
33-->src\main\AndroidManifest.xml:13:9-54
34        android:supportsRtl="true"
34-->src\main\AndroidManifest.xml:14:9-35
35        android:testOnly="true"
36        android:theme="@style/Theme.GramaAngana" >
36-->src\main\AndroidManifest.xml:15:9-49
37
38        <!-- Splash Screen - Launcher -->
39        <activity
39-->src\main\AndroidManifest.xml:19:9-27:20
40            android:name="com.gramaangana.ui.SplashActivity"
40-->src\main\AndroidManifest.xml:20:13-46
41            android:exported="true"
41-->src\main\AndroidManifest.xml:21:13-36
42            android:theme="@style/Theme.GramaAngana.Splash" >
42-->src\main\AndroidManifest.xml:22:13-60
43            <intent-filter>
43-->src\main\AndroidManifest.xml:23:13-26:29
44                <action android:name="android.intent.action.MAIN" />
44-->src\main\AndroidManifest.xml:24:17-69
44-->src\main\AndroidManifest.xml:24:25-66
45
46                <category android:name="android.intent.category.LAUNCHER" />
46-->src\main\AndroidManifest.xml:25:17-77
46-->src\main\AndroidManifest.xml:25:27-74
47            </intent-filter>
48        </activity>
49
50        <!-- Login Screen -->
51        <activity
51-->src\main\AndroidManifest.xml:30:9-33:58
52            android:name="com.gramaangana.ui.login.LoginActivity"
52-->src\main\AndroidManifest.xml:31:13-51
53            android:exported="false"
53-->src\main\AndroidManifest.xml:32:13-37
54            android:windowSoftInputMode="adjustResize" />
54-->src\main\AndroidManifest.xml:33:13-55
55
56        <!-- Main Screen -->
57        <activity
57-->src\main\AndroidManifest.xml:36:9-39:58
58            android:name="com.gramaangana.ui.MainActivity"
58-->src\main\AndroidManifest.xml:37:13-44
59            android:exported="false"
59-->src\main\AndroidManifest.xml:38:13-37
60            android:windowSoftInputMode="adjustResize" />
60-->src\main\AndroidManifest.xml:39:13-55
61
62        <!-- Booking Form -->
63        <activity
63-->src\main\AndroidManifest.xml:42:9-45:58
64            android:name="com.gramaangana.ui.booking.BookingFormActivity"
64-->src\main\AndroidManifest.xml:43:13-59
65            android:exported="false"
65-->src\main\AndroidManifest.xml:44:13-37
66            android:windowSoftInputMode="adjustResize" />
66-->src\main\AndroidManifest.xml:45:13-55
67
68        <!-- Add Maintenance -->
69        <activity
69-->src\main\AndroidManifest.xml:48:9-51:58
70            android:name="com.gramaangana.ui.maintenance.AddMaintenanceActivity"
70-->src\main\AndroidManifest.xml:49:13-66
71            android:exported="false"
71-->src\main\AndroidManifest.xml:50:13-37
72            android:windowSoftInputMode="adjustResize" />
72-->src\main\AndroidManifest.xml:51:13-55
73
74        <service
74-->[com.google.firebase:firebase-auth-ktx:22.3.0] AndroidManifest.xml:8:9-14:19
75            android:name="com.google.firebase.components.ComponentDiscoveryService"
75-->[com.google.firebase:firebase-auth-ktx:22.3.0] AndroidManifest.xml:9:13-84
76            android:directBootAware="true"
76-->[com.google.firebase:firebase-common:20.4.2] AndroidManifest.xml:32:13-43
77            android:exported="false" >
77-->[com.google.firebase:firebase-auth-ktx:22.3.0] AndroidManifest.xml:10:13-37
78            <meta-data
78-->[com.google.firebase:firebase-auth-ktx:22.3.0] AndroidManifest.xml:11:13-13:85
79                android:name="com.google.firebase.components:com.google.firebase.auth.ktx.FirebaseAuthLegacyRegistrar"
79-->[com.google.firebase:firebase-auth-ktx:22.3.0] AndroidManifest.xml:12:17-119
80                android:value="com.google.firebase.components.ComponentRegistrar" />
80-->[com.google.firebase:firebase-auth-ktx:22.3.0] AndroidManifest.xml:13:17-82
81            <meta-data
81-->[com.google.firebase:firebase-auth:22.3.0] AndroidManifest.xml:69:13-71:85
82                android:name="com.google.firebase.components:com.google.firebase.auth.FirebaseAuthRegistrar"
82-->[com.google.firebase:firebase-auth:22.3.0] AndroidManifest.xml:70:17-109
83                android:value="com.google.firebase.components.ComponentRegistrar" />
83-->[com.google.firebase:firebase-auth:22.3.0] AndroidManifest.xml:71:17-82
84            <meta-data
84-->[com.google.firebase:firebase-analytics-ktx:21.5.0] AndroidManifest.xml:11:13-13:85
85                android:name="com.google.firebase.components:com.google.firebase.analytics.ktx.FirebaseAnalyticsLegacyRegistrar"
85-->[com.google.firebase:firebase-analytics-ktx:21.5.0] AndroidManifest.xml:12:17-129
86                android:value="com.google.firebase.components.ComponentRegistrar" />
86-->[com.google.firebase:firebase-analytics-ktx:21.5.0] AndroidManifest.xml:13:17-82
87            <meta-data
87-->[com.google.firebase:firebase-firestore-ktx:24.10.0] AndroidManifest.xml:12:13-14:85
88                android:name="com.google.firebase.components:com.google.firebase.firestore.ktx.FirebaseFirestoreLegacyRegistrar"
88-->[com.google.firebase:firebase-firestore-ktx:24.10.0] AndroidManifest.xml:13:17-129
89                android:value="com.google.firebase.components.ComponentRegistrar" />
89-->[com.google.firebase:firebase-firestore-ktx:24.10.0] AndroidManifest.xml:14:17-82
90            <meta-data
90-->[com.google.firebase:firebase-firestore:24.10.0] AndroidManifest.xml:17:13-19:85
91                android:name="com.google.firebase.components:com.google.firebase.firestore.FirebaseFirestoreKtxRegistrar"
91-->[com.google.firebase:firebase-firestore:24.10.0] AndroidManifest.xml:18:17-122
92                android:value="com.google.firebase.components.ComponentRegistrar" />
92-->[com.google.firebase:firebase-firestore:24.10.0] AndroidManifest.xml:19:17-82
93            <meta-data
93-->[com.google.firebase:firebase-firestore:24.10.0] AndroidManifest.xml:20:13-22:85
94                android:name="com.google.firebase.components:com.google.firebase.firestore.FirestoreRegistrar"
94-->[com.google.firebase:firebase-firestore:24.10.0] AndroidManifest.xml:21:17-111
95                android:value="com.google.firebase.components.ComponentRegistrar" />
95-->[com.google.firebase:firebase-firestore:24.10.0] AndroidManifest.xml:22:17-82
96            <meta-data
96-->[com.google.android.gms:play-services-measurement-api:21.5.0] AndroidManifest.xml:37:13-39:85
97                android:name="com.google.firebase.components:com.google.firebase.analytics.connector.internal.AnalyticsConnectorRegistrar"
97-->[com.google.android.gms:play-services-measurement-api:21.5.0] AndroidManifest.xml:38:17-139
98                android:value="com.google.firebase.components.ComponentRegistrar" />
98-->[com.google.android.gms:play-services-measurement-api:21.5.0] AndroidManifest.xml:39:17-82
99            <meta-data
99-->[com.google.firebase:firebase-installations:17.2.0] AndroidManifest.xml:15:13-17:85
100                android:name="com.google.firebase.components:com.google.firebase.installations.FirebaseInstallationsKtxRegistrar"
100-->[com.google.firebase:firebase-installations:17.2.0] AndroidManifest.xml:16:17-130
101                android:value="com.google.firebase.components.ComponentRegistrar" />
101-->[com.google.firebase:firebase-installations:17.2.0] AndroidManifest.xml:17:17-82
102            <meta-data
102-->[com.google.firebase:firebase-installations:17.2.0] AndroidManifest.xml:18:13-20:85
103                android:name="com.google.firebase.components:com.google.firebase.installations.FirebaseInstallationsRegistrar"
103-->[com.google.firebase:firebase-installations:17.2.0] AndroidManifest.xml:19:17-127
104                android:value="com.google.firebase.components.ComponentRegistrar" />
104-->[com.google.firebase:firebase-installations:17.2.0] AndroidManifest.xml:20:17-82
105            <meta-data
105-->[com.google.firebase:firebase-common-ktx:20.4.2] AndroidManifest.xml:12:13-14:85
106                android:name="com.google.firebase.components:com.google.firebase.ktx.FirebaseCommonLegacyRegistrar"
106-->[com.google.firebase:firebase-common-ktx:20.4.2] AndroidManifest.xml:13:17-116
107                android:value="com.google.firebase.components.ComponentRegistrar" />
107-->[com.google.firebase:firebase-common-ktx:20.4.2] AndroidManifest.xml:14:17-82
108            <meta-data
108-->[com.google.firebase:firebase-common:20.4.2] AndroidManifest.xml:35:13-37:85
109                android:name="com.google.firebase.components:com.google.firebase.FirebaseCommonKtxRegistrar"
109-->[com.google.firebase:firebase-common:20.4.2] AndroidManifest.xml:36:17-109
110                android:value="com.google.firebase.components.ComponentRegistrar" />
110-->[com.google.firebase:firebase-common:20.4.2] AndroidManifest.xml:37:17-82
111        </service>
112
113        <activity
113-->[com.google.firebase:firebase-auth:22.3.0] AndroidManifest.xml:29:9-46:20
114            android:name="com.google.firebase.auth.internal.GenericIdpActivity"
114-->[com.google.firebase:firebase-auth:22.3.0] AndroidManifest.xml:30:13-80
115            android:excludeFromRecents="true"
115-->[com.google.firebase:firebase-auth:22.3.0] AndroidManifest.xml:31:13-46
116            android:exported="true"
116-->[com.google.firebase:firebase-auth:22.3.0] AndroidManifest.xml:32:13-36
117            android:launchMode="singleTask"
117-->[com.google.firebase:firebase-auth:22.3.0] AndroidManifest.xml:33:13-44
118            android:theme="@android:style/Theme.Translucent.NoTitleBar" >
118-->[com.google.firebase:firebase-auth:22.3.0] AndroidManifest.xml:34:13-72
119            <intent-filter>
119-->[com.google.firebase:firebase-auth:22.3.0] AndroidManifest.xml:35:13-45:29
120                <action android:name="android.intent.action.VIEW" />
120-->[com.google.firebase:firebase-auth:22.3.0] AndroidManifest.xml:36:17-69
120-->[com.google.firebase:firebase-auth:22.3.0] AndroidManifest.xml:36:25-66
121
122                <category android:name="android.intent.category.DEFAULT" />
122-->[com.google.firebase:firebase-auth:22.3.0] AndroidManifest.xml:38:17-76
122-->[com.google.firebase:firebase-auth:22.3.0] AndroidManifest.xml:38:27-73
123                <category android:name="android.intent.category.BROWSABLE" />
123-->[com.google.firebase:firebase-auth:22.3.0] AndroidManifest.xml:39:17-78
123-->[com.google.firebase:firebase-auth:22.3.0] AndroidManifest.xml:39:27-75
124
125                <data
125-->[com.google.firebase:firebase-auth:22.3.0] AndroidManifest.xml:41:17-44:51
126                    android:host="firebase.auth"
126-->[com.google.firebase:firebase-auth:22.3.0] AndroidManifest.xml:42:21-49
127                    android:path="/"
127-->[com.google.firebase:firebase-auth:22.3.0] AndroidManifest.xml:43:21-37
128                    android:scheme="genericidp" />
128-->[com.google.firebase:firebase-auth:22.3.0] AndroidManifest.xml:44:21-48
129            </intent-filter>
130        </activity>
131        <activity
131-->[com.google.firebase:firebase-auth:22.3.0] AndroidManifest.xml:47:9-64:20
132            android:name="com.google.firebase.auth.internal.RecaptchaActivity"
132-->[com.google.firebase:firebase-auth:22.3.0] AndroidManifest.xml:48:13-79
133            android:excludeFromRecents="true"
133-->[com.google.firebase:firebase-auth:22.3.0] AndroidManifest.xml:49:13-46
134            android:exported="true"
134-->[com.google.firebase:firebase-auth:22.3.0] AndroidManifest.xml:50:13-36
135            android:launchMode="singleTask"
135-->[com.google.firebase:firebase-auth:22.3.0] AndroidManifest.xml:51:13-44
136            android:theme="@android:style/Theme.Translucent.NoTitleBar" >
136-->[com.google.firebase:firebase-auth:22.3.0] AndroidManifest.xml:52:13-72
137            <intent-filter>
137-->[com.google.firebase:firebase-auth:22.3.0] AndroidManifest.xml:53:13-63:29
138                <action android:name="android.intent.action.VIEW" />
138-->[com.google.firebase:firebase-auth:22.3.0] AndroidManifest.xml:36:17-69
138-->[com.google.firebase:firebase-auth:22.3.0] AndroidManifest.xml:36:25-66
139
140                <category android:name="android.intent.category.DEFAULT" />
140-->[com.google.firebase:firebase-auth:22.3.0] AndroidManifest.xml:38:17-76
140-->[com.google.firebase:firebase-auth:22.3.0] AndroidManifest.xml:38:27-73
141                <category android:name="android.intent.category.BROWSABLE" />
141-->[com.google.firebase:firebase-auth:22.3.0] AndroidManifest.xml:39:17-78
141-->[com.google.firebase:firebase-auth:22.3.0] AndroidManifest.xml:39:27-75
142
143                <data
143-->[com.google.firebase:firebase-auth:22.3.0] AndroidManifest.xml:41:17-44:51
144                    android:host="firebase.auth"
144-->[com.google.firebase:firebase-auth:22.3.0] AndroidManifest.xml:42:21-49
145                    android:path="/"
145-->[com.google.firebase:firebase-auth:22.3.0] AndroidManifest.xml:43:21-37
146                    android:scheme="recaptcha" />
146-->[com.google.firebase:firebase-auth:22.3.0] AndroidManifest.xml:44:21-48
147            </intent-filter>
148        </activity>
149
150        <property
150-->[com.google.android.gms:play-services-measurement-api:21.5.0] AndroidManifest.xml:30:9-32:61
151            android:name="android.adservices.AD_SERVICES_CONFIG"
151-->[com.google.android.gms:play-services-measurement-api:21.5.0] AndroidManifest.xml:31:13-65
152            android:resource="@xml/ga_ad_services_config" />
152-->[com.google.android.gms:play-services-measurement-api:21.5.0] AndroidManifest.xml:32:13-58
153
154        <provider
154-->[com.google.firebase:firebase-common:20.4.2] AndroidManifest.xml:23:9-28:39
155            android:name="com.google.firebase.provider.FirebaseInitProvider"
155-->[com.google.firebase:firebase-common:20.4.2] AndroidManifest.xml:24:13-77
156            android:authorities="com.gramaangana.firebaseinitprovider"
156-->[com.google.firebase:firebase-common:20.4.2] AndroidManifest.xml:25:13-72
157            android:directBootAware="true"
157-->[com.google.firebase:firebase-common:20.4.2] AndroidManifest.xml:26:13-43
158            android:exported="false"
158-->[com.google.firebase:firebase-common:20.4.2] AndroidManifest.xml:27:13-37
159            android:initOrder="100" />
159-->[com.google.firebase:firebase-common:20.4.2] AndroidManifest.xml:28:13-36
160
161        <receiver
161-->[com.google.android.gms:play-services-measurement:21.5.0] AndroidManifest.xml:29:9-33:20
162            android:name="com.google.android.gms.measurement.AppMeasurementReceiver"
162-->[com.google.android.gms:play-services-measurement:21.5.0] AndroidManifest.xml:30:13-85
163            android:enabled="true"
163-->[com.google.android.gms:play-services-measurement:21.5.0] AndroidManifest.xml:31:13-35
164            android:exported="false" >
164-->[com.google.android.gms:play-services-measurement:21.5.0] AndroidManifest.xml:32:13-37
165        </receiver>
166
167        <service
167-->[com.google.android.gms:play-services-measurement:21.5.0] AndroidManifest.xml:35:9-38:40
168            android:name="com.google.android.gms.measurement.AppMeasurementService"
168-->[com.google.android.gms:play-services-measurement:21.5.0] AndroidManifest.xml:36:13-84
169            android:enabled="true"
169-->[com.google.android.gms:play-services-measurement:21.5.0] AndroidManifest.xml:37:13-35
170            android:exported="false" />
170-->[com.google.android.gms:play-services-measurement:21.5.0] AndroidManifest.xml:38:13-37
171        <service
171-->[com.google.android.gms:play-services-measurement:21.5.0] AndroidManifest.xml:39:9-43:72
172            android:name="com.google.android.gms.measurement.AppMeasurementJobService"
172-->[com.google.android.gms:play-services-measurement:21.5.0] AndroidManifest.xml:40:13-87
173            android:enabled="true"
173-->[com.google.android.gms:play-services-measurement:21.5.0] AndroidManifest.xml:41:13-35
174            android:exported="false"
174-->[com.google.android.gms:play-services-measurement:21.5.0] AndroidManifest.xml:42:13-37
175            android:permission="android.permission.BIND_JOB_SERVICE" />
175-->[com.google.android.gms:play-services-measurement:21.5.0] AndroidManifest.xml:43:13-69
176
177        <provider
177-->[androidx.emoji2:emoji2:1.2.0] AndroidManifest.xml:24:9-32:20
178            android:name="androidx.startup.InitializationProvider"
178-->[androidx.emoji2:emoji2:1.2.0] AndroidManifest.xml:25:13-67
179            android:authorities="com.gramaangana.androidx-startup"
179-->[androidx.emoji2:emoji2:1.2.0] AndroidManifest.xml:26:13-68
180            android:exported="false" >
180-->[androidx.emoji2:emoji2:1.2.0] AndroidManifest.xml:27:13-37
181            <meta-data
181-->[androidx.emoji2:emoji2:1.2.0] AndroidManifest.xml:29:13-31:52
182                android:name="androidx.emoji2.text.EmojiCompatInitializer"
182-->[androidx.emoji2:emoji2:1.2.0] AndroidManifest.xml:30:17-75
183                android:value="androidx.startup" />
183-->[androidx.emoji2:emoji2:1.2.0] AndroidManifest.xml:31:17-49
184            <meta-data
184-->[androidx.lifecycle:lifecycle-process:2.7.0] AndroidManifest.xml:29:13-31:52
185                android:name="androidx.lifecycle.ProcessLifecycleInitializer"
185-->[androidx.lifecycle:lifecycle-process:2.7.0] AndroidManifest.xml:30:17-78
186                android:value="androidx.startup" />
186-->[androidx.lifecycle:lifecycle-process:2.7.0] AndroidManifest.xml:31:17-49
187            <meta-data
187-->[androidx.profileinstaller:profileinstaller:1.3.0] AndroidManifest.xml:29:13-31:52
188                android:name="androidx.profileinstaller.ProfileInstallerInitializer"
188-->[androidx.profileinstaller:profileinstaller:1.3.0] AndroidManifest.xml:30:17-85
189                android:value="androidx.startup" />
189-->[androidx.profileinstaller:profileinstaller:1.3.0] AndroidManifest.xml:31:17-49
190        </provider>
191
192        <uses-library
192-->[androidx.privacysandbox.ads:ads-adservices:1.0.0-beta05] AndroidManifest.xml:23:9-25:40
193            android:name="android.ext.adservices"
193-->[androidx.privacysandbox.ads:ads-adservices:1.0.0-beta05] AndroidManifest.xml:24:13-50
194            android:required="false" />
194-->[androidx.privacysandbox.ads:ads-adservices:1.0.0-beta05] AndroidManifest.xml:25:13-37
195
196        <activity
196-->[com.google.android.gms:play-services-base:18.0.1] AndroidManifest.xml:20:9-22:45
197            android:name="com.google.android.gms.common.api.GoogleApiActivity"
197-->[com.google.android.gms:play-services-base:18.0.1] AndroidManifest.xml:20:19-85
198            android:exported="false"
198-->[com.google.android.gms:play-services-base:18.0.1] AndroidManifest.xml:22:19-43
199            android:theme="@android:style/Theme.Translucent.NoTitleBar" />
199-->[com.google.android.gms:play-services-base:18.0.1] AndroidManifest.xml:21:19-78
200
201        <uses-library
201-->[androidx.window:window:1.0.0] AndroidManifest.xml:25:9-27:40
202            android:name="androidx.window.extensions"
202-->[androidx.window:window:1.0.0] AndroidManifest.xml:26:13-54
203            android:required="false" />
203-->[androidx.window:window:1.0.0] AndroidManifest.xml:27:13-37
204        <uses-library
204-->[androidx.window:window:1.0.0] AndroidManifest.xml:28:9-30:40
205            android:name="androidx.window.sidecar"
205-->[androidx.window:window:1.0.0] AndroidManifest.xml:29:13-51
206            android:required="false" />
206-->[androidx.window:window:1.0.0] AndroidManifest.xml:30:13-37
207
208        <meta-data
208-->[com.google.android.gms:play-services-basement:18.1.0] AndroidManifest.xml:21:9-23:69
209            android:name="com.google.android.gms.version"
209-->[com.google.android.gms:play-services-basement:18.1.0] AndroidManifest.xml:22:13-58
210            android:value="@integer/google_play_services_version" />
210-->[com.google.android.gms:play-services-basement:18.1.0] AndroidManifest.xml:23:13-66
211
212        <receiver
212-->[androidx.profileinstaller:profileinstaller:1.3.0] AndroidManifest.xml:34:9-52:20
213            android:name="androidx.profileinstaller.ProfileInstallReceiver"
213-->[androidx.profileinstaller:profileinstaller:1.3.0] AndroidManifest.xml:35:13-76
214            android:directBootAware="false"
214-->[androidx.profileinstaller:profileinstaller:1.3.0] AndroidManifest.xml:36:13-44
215            android:enabled="true"
215-->[androidx.profileinstaller:profileinstaller:1.3.0] AndroidManifest.xml:37:13-35
216            android:exported="true"
216-->[androidx.profileinstaller:profileinstaller:1.3.0] AndroidManifest.xml:38:13-36
217            android:permission="android.permission.DUMP" >
217-->[androidx.profileinstaller:profileinstaller:1.3.0] AndroidManifest.xml:39:13-57
218            <intent-filter>
218-->[androidx.profileinstaller:profileinstaller:1.3.0] AndroidManifest.xml:40:13-42:29
219                <action android:name="androidx.profileinstaller.action.INSTALL_PROFILE" />
219-->[androidx.profileinstaller:profileinstaller:1.3.0] AndroidManifest.xml:41:17-91
219-->[androidx.profileinstaller:profileinstaller:1.3.0] AndroidManifest.xml:41:25-88
220            </intent-filter>
221            <intent-filter>
221-->[androidx.profileinstaller:profileinstaller:1.3.0] AndroidManifest.xml:43:13-45:29
222                <action android:name="androidx.profileinstaller.action.SKIP_FILE" />
222-->[androidx.profileinstaller:profileinstaller:1.3.0] AndroidManifest.xml:44:17-85
222-->[androidx.profileinstaller:profileinstaller:1.3.0] AndroidManifest.xml:44:25-82
223            </intent-filter>
224            <intent-filter>
224-->[androidx.profileinstaller:profileinstaller:1.3.0] AndroidManifest.xml:46:13-48:29
225                <action android:name="androidx.profileinstaller.action.SAVE_PROFILE" />
225-->[androidx.profileinstaller:profileinstaller:1.3.0] AndroidManifest.xml:47:17-88
225-->[androidx.profileinstaller:profileinstaller:1.3.0] AndroidManifest.xml:47:25-85
226            </intent-filter>
227            <intent-filter>
227-->[androidx.profileinstaller:profileinstaller:1.3.0] AndroidManifest.xml:49:13-51:29
228                <action android:name="androidx.profileinstaller.action.BENCHMARK_OPERATION" />
228-->[androidx.profileinstaller:profileinstaller:1.3.0] AndroidManifest.xml:50:17-95
228-->[androidx.profileinstaller:profileinstaller:1.3.0] AndroidManifest.xml:50:25-92
229            </intent-filter>
230        </receiver>
231    </application>
232
233</manifest>